475b2062eb5bad6b7944bea1afb15502  ads.tar.gz
a4a4931bc9ff81ac4b279c128fa0926d  adult.tar.gz
544dabe4fb8ffe252a258921c0eeaea8  aggressive.tar.gz
544dabe4fb8ffe252a258921c0eeaea8  agressif.tar.gz
81c71553c80c968eeb16b296d27dd847  arjel.tar.gz
2bc4c7093f144d5639420d5b83327150  associations_religieuses.tar.gz
924f8885585e4a9050efc22b9f29f52c  astrology.tar.gz
d41c75b47fc67c9ae19f73f336914a59  audio-video.tar.gz
a754e0d2d1e5c554e81a9ad132d7b919  bank.tar.gz
9bec66b924a695647999be802f98dddf  bitcoin.tar.gz
fd1103429c0356f4eef17e1dbe86a334  blacklists.tar.gz
955cc962e9a4e8ad120ecd3b6940259f  blog.tar.gz
ef28e523a6126720e0e7b4eafa0438e9  catalogue-biu-toulouse.tar.gz
df9a1b3eb930697f684e0aae9ee09a58  cc-by-sa-4-0.pdf
4753173b4ee1b638971604750ee51275  cc-by-sa-4-0.pdf.tar.gz
3adbeaac2e72ac23f700f5cbbee28470  celebrity.tar.gz
7fe758cab87d524a50e2fec276cb51cc  chat.tar.gz
c77f0cb57d7360caecc2ea815dca6014  child.tar.gz
45eae5d84f603b0c7f9a8a60c327f7f5  cleaning.tar.gz
aaacbbabdde02ce704d8e43fda91f1d3  cooking.tar.gz
6cce145ea12c49b3e52e2ebb81c5a4a0  cryptojacking.tar.gz
3c9b22e207ccccc710ebfe3848fa48a3  dangerous_material.tar.gz
53291be94dfd2f6bcbb0c35ba798023f  dating.tar.gz
530c811bce1906b0f64b2f00aad2977d  ddos.tar.gz
292845efe656f96367600621c8c0f2d8  dialer.tar.gz
8048312929c6a0be11e49917b2320a41  doh.tar.gz
258ff924b2fc72d0d00b0fb9b07de5e1  domains.tar.gz
c0809a41777cd62504218841007f5887  download.tar.gz
0a75da6e1015b03aa07e8abbc36163b3  drogue.tar.gz
0a75da6e1015b03aa07e8abbc36163b3  drugs.tar.gz
23488d33dca1b3390a1ad45482bc6435  educational_games.tar.gz
f473556195a2e568c6643c52cb874c12  examen_pix.tar.gz
5786ea6b702dd9202a4a787d26ea3f33  exceptions_liste_bu.tar.gz
ae30eec010d503bdabcacfe194e4d0cd  filehosting.tar.gz
ffcf69f8faf349d3d28e471a82132689  financial.tar.gz
3c1e4204fa7b85e6e07e4be5f9fac69e  forums.tar.gz
8f4b3b8266d4f27d71e7ba09803c5fed  gambling.tar.gz
a386bda104c95e2e3a3c1531b7003c17  games.tar.gz
b77099533020cb2d414365f4f186a197  global_usage
467047e030cd25ada0ff07e7efde319b  good.tar.gz
75280d58cd294f04bb9acd65b11120a8  hacking.tar.gz
f8bca2fb264f98dee6568be26c2b6bb0  indisponible.tar.gz
111fca5742f0081a8e901fd157fa74de  jobsearch.tar.gz
ac1964f0919cb2a7a1627ed9734358fd  jstor.tar.gz
df9a1b3eb930697f684e0aae9ee09a58  LICENSE.pdf
4753173b4ee1b638971604750ee51275  LICENSE.pdf.tar.gz
c169b37840d454e1b506f1c4a5245b1c  lingerie.tar.gz
164c09f26e961a48ae5a87b5b405e394  liste_blanche.tar.gz
7199a2ec5ae659f70894e29705844e52  liste_bu.tar.gz
15feac414f0b5351e806182ff0baf0cf  local.tar.gz
1b3da6c86c66d6dda46bbed651c4f6db  malware.tar.gz
ab5c75c7367adf171763325987cd4026  manga.tar.gz
5cf307f3ed669c39d60dd30efcd2658d  marketingware.tar.gz
ef4df31516f04ca6f3ede32b66175de7  mixed_adult.tar.gz
82c0e28103e1f752a064649b98bea114  mobile-phone.tar.gz
1b3da6c86c66d6dda46bbed651c4f6db  phishing.tar.gz
a4a4931bc9ff81ac4b279c128fa0926d  porn.tar.gz
4c23b5228e1a5cc349df35a4d4cf599d  press.tar.gz
40e23431913e991fd577517e9a7f1f83  proxy.tar.gz
475b2062eb5bad6b7944bea1afb15502  publicite.tar.gz
cb2c58bbd193254fc7e711e548522721  radio.tar.gz
745d4a154facae1b496c9919b9b0055f  README
644078c9061fe7413d4f42ab9259bacc  README.tar.gz
b299dab67cc960ee7cf7d5263ef55ac4  reaffected.tar.gz
40e23431913e991fd577517e9a7f1f83  redirector.tar.gz
0ffcacb8dfa3d6744c2edfd887fb2b15  remote-control.tar.gz
d4be0e85ff35095ea9fff38bc764a5b2  sect.tar.gz
daf0053c4a01ab7398a6ca9cdf339f7a  sexual_education.tar.gz
67315f62781f15456c4f888ce299fece  shopping.tar.gz
cdb77cc15e3383c4ea6740dd6fd1ec6c  shortener.tar.gz
e35c2a2011e5db00c2acc4f86a69b2b6  social_networks.tar.gz
371cbd52cd0549cd48879fff81f61d40  special.tar.gz
cc50e61dd0ba2a589778f98b4ac08938  sports.tar.gz
1d5d5f4cf01e48d0bda38fc491f2dc1d  stalkerware.tar.gz
9f343f6ca0674a272a4bb0eab4b91bf6  strict_redirector.tar.gz
04b05235eba1ea31ee98f3d6e84799a1  strong_redirector.tar.gz
33e114ce4a014532a282b7dad15c26d9  translation.tar.gz
1b785d13bbdb78309423c6721ec56ce2  tricheur.tar.gz
03ab52a82ddab33a1c9c9028e7a1d4a6  update.tar.gz
fbeadab243f379efaa4c0fea89caa60b  verisign.tar.gz
544dabe4fb8ffe252a258921c0eeaea8  violence.tar.gz
e22ec7630289ef0c48d54ae0fc07ad1c  vpn.tar.gz
caf39d523fbdfe6fc1c9d58ec5454eac  warez.tar.gz
e2593558e8da7e86c3718b6cbda8cbd8  webmail.tar.gz
